Using pre-set license
Built from '2022.3/staging' branch; Version is '2022.3.17f1 (4fc78088f837) revision 5228416'; Using compiler version '192829333'; Build Type 'Release'
OS: 'Windows 11  (10.0.22621) 64bit CoreSingleLanguage' Language: 'en' Physical Memory: 7562 MB
BatchMode: 1, IsHumanControllingUs: 0, StartBugReporterOnCrash: 0, Is64bit: 1, IsPro: 1

COMMAND LINE ARGUMENTS:
C:\Program Files\Unity\Hub\Editor\2022.3.17f1\Editor\Unity.exe
-adb2
-batchMode
-noUpm
-name
AssetImportWorker0
-projectPath
D:/Unity Study/1stProjectHB
-logFile
Logs/AssetImportWorker0.log
-srvPort
52492
Successfully changed project path to: D:/Unity Study/1stProjectHB
D:/Unity Study/1stProjectHB
[UnityMemory] Configuration Parameters - Can be set up in boot.config
    "memorysetup-bucket-allocator-granularity=16"
    "memorysetup-bucket-allocator-bucket-count=8"
    "memorysetup-bucket-allocator-block-size=33554432"
    "memorysetup-bucket-allocator-block-count=8"
    "memorysetup-main-allocator-block-size=16777216"
    "memorysetup-thread-allocator-block-size=16777216"
    "memorysetup-gfx-main-allocator-block-size=16777216"
    "memorysetup-gfx-thread-allocator-block-size=16777216"
    "memorysetup-cache-allocator-block-size=4194304"
    "memorysetup-typetree-allocator-block-size=2097152"
    "memorysetup-profiler-bucket-allocator-granularity=16"
    "memorysetup-profiler-bucket-allocator-bucket-count=8"
    "memorysetup-profiler-bucket-allocator-block-size=33554432"
    "memorysetup-profiler-bucket-allocator-block-count=8"
    "memorysetup-profiler-allocator-block-size=16777216"
    "memorysetup-profiler-editor-allocator-block-size=1048576"
    "memorysetup-temp-allocator-size-main=16777216"
    "memorysetup-job-temp-allocator-block-size=2097152"
    "memorysetup-job-temp-allocator-block-size-background=1048576"
    "memorysetup-job-temp-allocator-reduction-small-platforms=262144"
    "memorysetup-allocator-temp-initial-block-size-main=262144"
    "memorysetup-allocator-temp-initial-block-size-worker=262144"
    "memorysetup-temp-allocator-size-background-worker=32768"
    "memorysetup-temp-allocator-size-job-worker=262144"
    "memorysetup-temp-allocator-size-preload-manager=33554432"
    "memorysetup-temp-allocator-size-nav-mesh-worker=65536"
    "memorysetup-temp-allocator-size-audio-worker=65536"
    "memorysetup-temp-allocator-size-cloud-worker=32768"
    "memorysetup-temp-allocator-size-gi-baking-worker=262144"
    "memorysetup-temp-allocator-size-gfx=262144"
Player connection [13052] Host "[IP] 26.154.222.173 [Port] 0 [Flags] 2 [Guid] 2520619502 [EditorId] 2520619502 [Version] 1048832 [Id] WindowsEditor(7,MSI) [Debug] 1 [PackageName] WindowsEditor [ProjectName] Editor" joined multi-casting on [225.0.0.222:54997]...

Player connection [13052] Host "[IP] 26.154.222.173 [Port] 0 [Flags] 2 [Guid] 2520619502 [EditorId] 2520619502 [Version] 1048832 [Id] WindowsEditor(7,MSI) [Debug] 1 [PackageName] WindowsEditor [ProjectName] Editor" joined alternative multi-casting on [225.0.0.222:34997]...

[Physics::Module] Initialized MultithreadedJobDispatcher with 11 workers.
Refreshing native plugins compatible for Editor in 45.42 ms, found 4 plugins.
Preloading 0 native plugins for Editor in 0.00 ms.
Initialize engine version: 2022.3.17f1 (4fc78088f837)
[Subsystems] Discovering subsystems at path C:/Program Files/Unity/Hub/Editor/2022.3.17f1/Editor/Data/Resources/UnitySubsystems
[Subsystems] Discovering subsystems at path D:/Unity Study/1stProjectHB/Assets
GfxDevice: creating device client; threaded=0; jobified=0
Direct3D:
    Version:  Direct3D 11.0 [level 11.1]
    Renderer: Radeon RX 5500M (ID=0x7340)
    Vendor:   ATI
    VRAM:     4055 MB
    Driver:   30.0.13022.3
Initialize mono
Mono path[0] = 'C:/Program Files/Unity/Hub/Editor/2022.3.17f1/Editor/Data/Managed'
Mono path[1] = 'C:/Program Files/Unity/Hub/Editor/2022.3.17f1/Editor/Data/MonoBleedingEdge/lib/mono/unityjit-win32'
Mono config path = 'C:/Program Files/Unity/Hub/Editor/2022.3.17f1/Editor/Data/MonoBleedingEdge/etc'
Using monoOptions --debugger-agent=transport=dt_socket,embedding=1,server=y,suspend=n,address=127.0.0.1:56068
Begin MonoManager ReloadAssembly
Registering precompiled unity dll's ...
Register platform support module: C:/Program Files/Unity/Hub/Editor/2022.3.17f1/Editor/Data/PlaybackEngines/AndroidPlayer/UnityEditor.Android.Extensions.dll
Register platform support module: C:/Program Files/Unity/Hub/Editor/2022.3.17f1/Editor/Data/PlaybackEngines/WindowsStandaloneSupport/UnityEditor.WindowsStandalone.Extensions.dll
Registered in 0.022037 seconds.
- Loaded All Assemblies, in  0.904 seconds
Native extension for WindowsStandalone target not found
Native extension for Android target not found
Android Extension - Scanning For ADB Devices 700 ms
Mono: successfully reloaded assembly
- Finished resetting the current domain, in  1.403 seconds
Domain Reload Profiling: 2303ms
	BeginReloadAssembly (304ms)
		ExecutionOrderSort (0ms)
		DisableScriptedObjects (0ms)
		BackupInstance (0ms)
		ReleaseScriptingObjects (0ms)
		CreateAndSetChildDomain (1ms)
	RebuildCommonClasses (78ms)
	RebuildNativeTypeToScriptingClass (18ms)
	initialDomainReloadingComplete (143ms)
	LoadAllAssembliesAndSetupDomain (356ms)
		LoadAssemblies (302ms)
		RebuildTransferFunctionScriptingTraits (0ms)
		AnalyzeDomain (349ms)
			TypeCache.Refresh (347ms)
				TypeCache.ScanAssembly (323ms)
			ScanForSourceGeneratedMonoScriptInfo (1ms)
			ResolveRequiredComponents (1ms)
	FinalizeReload (1404ms)
		ReleaseScriptCaches (0ms)
		RebuildScriptCaches (0ms)
		SetupLoadedEditorAssemblies (1276ms)
			LogAssemblyErrors (0ms)
			InitializePlatformSupportModulesInManaged (922ms)
			SetLoadedEditorAssemblies (7ms)
			RefreshPlugins (0ms)
			BeforeProcessingInitializeOnLoad (4ms)
			ProcessInitializeOnLoadAttributes (235ms)
			ProcessInitializeOnLoadMethodAttributes (108ms)
			AfterProcessingInitializeOnLoad (0ms)
			EditorAssembliesLoaded (0ms)
		ExecutionOrderSort2 (0ms)
		AwakeInstancesAfterBackupRestoration (0ms)
========================================================================
Worker process is ready to serve import requests
Begin MonoManager ReloadAssembly
- Loaded All Assemblies, in  2.036 seconds
Refreshing native plugins compatible for Editor in 9.86 ms, found 4 plugins.
Native extension for WindowsStandalone target not found
Native extension for Android target not found
Package Manager log level set to [2]
[Package Manager] Server::EnsureServerProcessIsRunning -- launch failed, reason: Unity was launched with the -noUpm command-line argument
[Package Manager] UpmClient::Send -- Unable to send message (not connected to UPM process).
[Package Manager] Cannot connect to Unity Package Manager local server
Mono: successfully reloaded assembly
- Finished resetting the current domain, in  1.699 seconds
Domain Reload Profiling: 3733ms
	BeginReloadAssembly (389ms)
		ExecutionOrderSort (0ms)
		DisableScriptedObjects (12ms)
		BackupInstance (0ms)
		ReleaseScriptingObjects (1ms)
		CreateAndSetChildDomain (51ms)
	RebuildCommonClasses (69ms)
	RebuildNativeTypeToScriptingClass (16ms)
	initialDomainReloadingComplete (80ms)
	LoadAllAssembliesAndSetupDomain (1479ms)
		LoadAssemblies (1130ms)
		RebuildTransferFunctionScriptingTraits (0ms)
		AnalyzeDomain (576ms)
			TypeCache.Refresh (496ms)
				TypeCache.ScanAssembly (446ms)
			ScanForSourceGeneratedMonoScriptInfo (69ms)
			ResolveRequiredComponents (9ms)
	FinalizeReload (1700ms)
		ReleaseScriptCaches (0ms)
		RebuildScriptCaches (0ms)
		SetupLoadedEditorAssemblies (1209ms)
			LogAssemblyErrors (0ms)
			InitializePlatformSupportModulesInManaged (87ms)
			SetLoadedEditorAssemblies (19ms)
			RefreshPlugins (0ms)
			BeforeProcessingInitializeOnLoad (234ms)
			ProcessInitializeOnLoadAttributes (778ms)
			ProcessInitializeOnLoadMethodAttributes (83ms)
			AfterProcessingInitializeOnLoad (8ms)
			EditorAssembliesLoaded (0ms)
		ExecutionOrderSort2 (0ms)
		AwakeInstancesAfterBackupRestoration (10ms)
Launched and connected shader compiler UnityShaderCompiler.exe after 0.11 seconds
Refreshing native plugins compatible for Editor in 5.26 ms, found 4 plugins.
Preloading 0 native plugins for Editor in 0.00 ms.
Unloading 4098 Unused Serialized files (Serialized files now loaded: 0)
Unloading 64 unused Assets / (61.1 KB). Loaded Objects now: 4565.
Memory consumption went from 155.6 MB to 155.5 MB.
Total: 6.776800 ms (FindLiveObjects: 0.738100 ms CreateObjectMapping: 0.468200 ms MarkObjects: 5.385800 ms  DeleteObjects: 0.183600 ms)

AssetImportParameters requested are different than current active one (requested -> active):
  custom:container-demuxer-ogg: 62fdf1f143b41e24485cea50d1cbac27 -> 
  custom:video-decoder-ogg-theora: a1e56fd34408186e4bbccfd4996cb3dc -> 
  custom:framework-win-MediaFoundation: 216162199b28c13a410421893ffa2e32 -> 
  custom:CustomObjectIndexerAttribute: 6d391050e5a25f67b0a2c618074f2cd9 -> 
  custom:container-demuxer-webm: 4f35f7cbe854078d1ac9338744f61a02 -> 
  custom:container-muxer-webm: aa71ff27fc2769a1b78a27578f13a17b -> 
  custom:video-decoder-webm-vp8: 9c59270c3fd7afecdb556c50c9e8de78 -> 
  custom:SearchIndexIgnoredProperties: e643bd26f0fe6173181afceb89e7c659 -> 
  custom:AudioImporter_EditorPlatform: d09bf68614088b80899f8185d706f6e7 -> 
  custom:video-encoder-webm-vp8: eb34c28f22e8b96e1ab97ce403110664 -> 
  custom:audio-decoder-ogg-vorbis: bf7c407c2cedff20999df2af8eb42d56 -> 
  custom:audio-encoder-webm-vorbis: bf7c407c2cedff20999df2af8eb42d56 -> 
========================================================================
Received Import Request.
  Time since last request: 5410.461840 seconds.
  path: Assets/TextMesh Pro/Resources/LineBreaking Leading Characters.txt
  artifactKey: Guid(d82c1b31c7e74239bff1220585707d2b) Importer(2089858483,0ecaa5967403d082aa24f35e1b516d23)
Start importing Assets/TextMesh Pro/Resources/LineBreaking Leading Characters.txt using Guid(d82c1b31c7e74239bff1220585707d2b) Importer(2089858483,0ecaa5967403d082aa24f35e1b516d23) Generated GUIDs only implemented for interfaces!
 -> (artifact id: '60ffb8c9ecc8093aadde07acbb8c3622') in 0.119691 seconds
Number of updated asset objects reloaded before import = 0
Number of asset objects unloaded after import = 1
========================================================================
Received Import Request.
  Time since last request: 0.000065 seconds.
  path: Assets/TextMesh Pro/Shaders/TMPro_Mobile.cginc
  artifactKey: Guid(c334973cef89a9840b0b0c507e0377ab) Importer(2089858483,0ecaa5967403d082aa24f35e1b516d23)
Start importing Assets/TextMesh Pro/Shaders/TMPro_Mobile.cginc using Guid(c334973cef89a9840b0b0c507e0377ab) Importer(2089858483,0ecaa5967403d082aa24f35e1b516d23) Generated GUIDs only implemented for interfaces!
 -> (artifact id: '706e15040309965b8b4077ca76ade7d7') in 0.026090 seconds
Number of updated asset objects reloaded before import = 0
Number of asset objects unloaded after import = 1
========================================================================
Received Import Request.
  Time since last request: 0.000126 seconds.
  path: Assets/TextMesh Pro/Sprites/EmojiOne.json
  artifactKey: Guid(8f05276190cf498a8153f6cbe761d4e6) Importer(2089858483,0ecaa5967403d082aa24f35e1b516d23)
Start importing Assets/TextMesh Pro/Sprites/EmojiOne.json using Guid(8f05276190cf498a8153f6cbe761d4e6) Importer(2089858483,0ecaa5967403d082aa24f35e1b516d23) Generated GUIDs only implemented for interfaces!
 -> (artifact id: '42dc4223ae4d46f5ab1b679dc75a6278') in 0.024904 seconds
Number of updated asset objects reloaded before import = 0
Number of asset objects unloaded after import = 1
========================================================================
Received Import Request.
  Time since last request: 0.000032 seconds.
  path: Assets/_Game/Scripts/Player.cs
  artifactKey: Guid(bb4da0ce5f3ca864892c9544899ac822) Importer(2089858483,0ecaa5967403d082aa24f35e1b516d23)
Start importing Assets/_Game/Scripts/Player.cs using Guid(bb4da0ce5f3ca864892c9544899ac822) Importer(2089858483,0ecaa5967403d082aa24f35e1b516d23) Generated GUIDs only implemented for interfaces!
 -> (artifact id: 'e2afcead720862046cc61a72cdf20da4') in 0.081403 seconds
Number of updated asset objects reloaded before import = 0
Number of asset objects unloaded after import = 1
========================================================================
Received Import Request.
  Time since last request: 0.000032 seconds.
  path: Assets/TextMesh Pro/Shaders/TMP_SDF-Mobile Overlay.shader
  artifactKey: Guid(a02a7d8c237544f1962732b55a9aebf1) Importer(2089858483,0ecaa5967403d082aa24f35e1b516d23)
Start importing Assets/TextMesh Pro/Shaders/TMP_SDF-Mobile Overlay.shader using Guid(a02a7d8c237544f1962732b55a9aebf1) Importer(2089858483,0ecaa5967403d082aa24f35e1b516d23) Generated GUIDs only implemented for interfaces!
 -> (artifact id: '72fa7e93839f2a5276487f2c0d013762') in 0.055590 seconds
Number of updated asset objects reloaded before import = 0
Number of asset objects unloaded after import = 1
========================================================================
Received Import Request.
  Time since last request: 0.000060 seconds.
  path: Assets/_Game/Scripts/HealthBar.cs
  artifactKey: Guid(7c4b4b38de3388f4cac37ce9e94c9678) Importer(2089858483,0ecaa5967403d082aa24f35e1b516d23)
Start importing Assets/_Game/Scripts/HealthBar.cs using Guid(7c4b4b38de3388f4cac37ce9e94c9678) Importer(2089858483,0ecaa5967403d082aa24f35e1b516d23) Generated GUIDs only implemented for interfaces!
 -> (artifact id: '5677453a3dba164f45772436c23830ee') in 0.031566 seconds
Number of updated asset objects reloaded before import = 0
Number of asset objects unloaded after import = 1
========================================================================
Received Import Request.
  Time since last request: 0.000038 seconds.
  path: Assets/_Game/Animations/Player/Run.anim
  artifactKey: Guid(07bdf2853c6b9ea4ea52acedbab39701) Importer(2089858483,0ecaa5967403d082aa24f35e1b516d23)
Start importing Assets/_Game/Animations/Player/Run.anim using Guid(07bdf2853c6b9ea4ea52acedbab39701) Importer(2089858483,0ecaa5967403d082aa24f35e1b516d23) Generated GUIDs only implemented for interfaces!
 -> (artifact id: 'c6fdae5ebf8bfb14135f46c0615f262a') in 0.042440 seconds
Number of updated asset objects reloaded before import = 0
Number of asset objects unloaded after import = 1
========================================================================
Received Import Request.
  Time since last request: 0.000053 seconds.
  path: Assets/_Game/TileMap/10.asset
  artifactKey: Guid(e2771090e0b85c84abd38ac8252a18ad) Importer(2089858483,0ecaa5967403d082aa24f35e1b516d23)
Start importing Assets/_Game/TileMap/10.asset using Guid(e2771090e0b85c84abd38ac8252a18ad) Importer(2089858483,0ecaa5967403d082aa24f35e1b516d23) Generated GUIDs only implemented for interfaces!
 -> (artifact id: '30a92c59d883c8c1fd9a22231091a0e7') in 0.040314 seconds
Number of updated asset objects reloaded before import = 0
Number of asset objects unloaded after import = 3
========================================================================
Received Import Request.
  Time since last request: 0.000023 seconds.
  path: Assets/_Game/Prefabs/coin_0.prefab
  artifactKey: Guid(2f68fea770e7ff4498291fdb4b234cb1) Importer(2089858483,0ecaa5967403d082aa24f35e1b516d23)
Start importing Assets/_Game/Prefabs/coin_0.prefab using Guid(2f68fea770e7ff4498291fdb4b234cb1) Importer(2089858483,0ecaa5967403d082aa24f35e1b516d23) Generated GUIDs only implemented for interfaces!
 -> (artifact id: '2ffb23b0de5f9d224ea6ea9e355104e3') in 0.077928 seconds
Number of updated asset objects reloaded before import = 0
Number of asset objects unloaded after import = 13
========================================================================
Received Import Request.
  Time since last request: 0.000034 seconds.
  path: Assets/TextMesh Pro/Shaders/TMP_Bitmap-Custom-Atlas.shader
  artifactKey: Guid(48bb5f55d8670e349b6e614913f9d910) Importer(2089858483,0ecaa5967403d082aa24f35e1b516d23)
Start importing Assets/TextMesh Pro/Shaders/TMP_Bitmap-Custom-Atlas.shader using Guid(48bb5f55d8670e349b6e614913f9d910) Importer(2089858483,0ecaa5967403d082aa24f35e1b516d23) Generated GUIDs only implemented for interfaces!
 -> (artifact id: '59baaadabcb93c894764e7face1f1f76') in 0.027916 seconds
Number of updated asset objects reloaded before import = 0
Number of asset objects unloaded after import = 1
========================================================================
Received Import Request.
  Time since last request: 0.000039 seconds.
  path: Assets/_Game/Animations/CombatText/FlyText.anim
  artifactKey: Guid(db5eae375a1ad954b8a52c052fefcebb) Importer(2089858483,0ecaa5967403d082aa24f35e1b516d23)
Start importing Assets/_Game/Animations/CombatText/FlyText.anim using Guid(db5eae375a1ad954b8a52c052fefcebb) Importer(2089858483,0ecaa5967403d082aa24f35e1b516d23) Generated GUIDs only implemented for interfaces!
 -> (artifact id: '08591d289816dfec34f1ad1943f59f65') in 0.024965 seconds
Number of updated asset objects reloaded before import = 0
Number of asset objects unloaded after import = 1
========================================================================
Received Import Request.
  Time since last request: 0.000040 seconds.
  path: Assets/_Game/Animations/Player/Throw.anim
  artifactKey: Guid(d3b9e16e1d9b4c14c8cd3df349ce67f8) Importer(2089858483,0ecaa5967403d082aa24f35e1b516d23)
Start importing Assets/_Game/Animations/Player/Throw.anim using Guid(d3b9e16e1d9b4c14c8cd3df349ce67f8) Importer(2089858483,0ecaa5967403d082aa24f35e1b516d23) Generated GUIDs only implemented for interfaces!
 -> (artifact id: 'aa9cda901d839d164b644fe91fb47436') in 0.022753 seconds
Number of updated asset objects reloaded before import = 0
Number of asset objects unloaded after import = 1
========================================================================
Received Import Request.
  Time since last request: 0.000047 seconds.
  path: Assets/_Game/TileMap/16.asset
  artifactKey: Guid(8f182c894df97cc4aa052248d7a7feaa) Importer(2089858483,0ecaa5967403d082aa24f35e1b516d23)
Start importing Assets/_Game/TileMap/16.asset using Guid(8f182c894df97cc4aa052248d7a7feaa) Importer(2089858483,0ecaa5967403d082aa24f35e1b516d23) Generated GUIDs only implemented for interfaces!
 -> (artifact id: 'efb84684ed17f5b87d828e9a627ab85a') in 0.027597 seconds
Number of updated asset objects reloaded before import = 0
Number of asset objects unloaded after import = 3
========================================================================
Received Import Request.
  Time since last request: 0.000040 seconds.
  path: Assets/_Game/Animations/Player/Idle.anim
  artifactKey: Guid(cd690e04c9f37124eb4d3f8fb77c9de7) Importer(2089858483,0ecaa5967403d082aa24f35e1b516d23)
Start importing Assets/_Game/Animations/Player/Idle.anim using Guid(cd690e04c9f37124eb4d3f8fb77c9de7) Importer(2089858483,0ecaa5967403d082aa24f35e1b516d23) Generated GUIDs only implemented for interfaces!
 -> (artifact id: 'bcb84a2f55fa891269bd33baceadda9a') in 0.023311 seconds
Number of updated asset objects reloaded before import = 0
Number of asset objects unloaded after import = 1
========================================================================
Received Import Request.
  Time since last request: 0.000038 seconds.
  path: Assets/_Game/Scripts/MovingPlatform.cs
  artifactKey: Guid(e018ddf637bd1d844876321db8f8f945) Importer(2089858483,0ecaa5967403d082aa24f35e1b516d23)
Start importing Assets/_Game/Scripts/MovingPlatform.cs using Guid(e018ddf637bd1d844876321db8f8f945) Importer(2089858483,0ecaa5967403d082aa24f35e1b516d23) Generated GUIDs only implemented for interfaces!
 -> (artifact id: '984fc4c898370c7cd63d1e8ea27d8ef8') in 0.018452 seconds
Number of updated asset objects reloaded before import = 0
Number of asset objects unloaded after import = 1
========================================================================
Received Import Request.
  Time since last request: 0.000025 seconds.
  path: Assets/_Game/2D_Assets/Evinronment/BG/tree.png
  artifactKey: Guid(8994dbc783652d54ba166b85e8fc475f) Importer(2089858483,0ecaa5967403d082aa24f35e1b516d23)
Start importing Assets/_Game/2D_Assets/Evinronment/BG/tree.png using Guid(8994dbc783652d54ba166b85e8fc475f) Importer(2089858483,0ecaa5967403d082aa24f35e1b516d23) Generated GUIDs only implemented for interfaces!
 -> (artifact id: '0a80077c59c9d04165d95fc0d915ac8e') in 0.188982 seconds
Number of updated asset objects reloaded before import = 0
Number of asset objects unloaded after import = 3
========================================================================
Received Import Request.
  Time since last request: 0.000037 seconds.
  path: Assets/_Game/2D_Assets/Evinronment/Object/Sign_1.png
  artifactKey: Guid(b04a90a71d3507940ba35b49569e630a) Importer(2089858483,0ecaa5967403d082aa24f35e1b516d23)
Start importing Assets/_Game/2D_Assets/Evinronment/Object/Sign_1.png using Guid(b04a90a71d3507940ba35b49569e630a) Importer(2089858483,0ecaa5967403d082aa24f35e1b516d23) Generated GUIDs only implemented for interfaces!
 -> (artifact id: '3a1192df5aa65a6def82f392468c831f') in 0.084784 seconds
Number of updated asset objects reloaded before import = 0
Number of asset objects unloaded after import = 3
========================================================================
Received Import Request.
  Time since last request: 0.000049 seconds.
  path: Assets/_Game/2D_Assets/Evinronment/Tiles/13.png
  artifactKey: Guid(21c8ec2e53ff31a4782966af827d55d8) Importer(2089858483,0ecaa5967403d082aa24f35e1b516d23)
Start importing Assets/_Game/2D_Assets/Evinronment/Tiles/13.png using Guid(21c8ec2e53ff31a4782966af827d55d8) Importer(2089858483,0ecaa5967403d082aa24f35e1b516d23) Generated GUIDs only implemented for interfaces!
 -> (artifact id: 'a639710453bd88981b868a0dd318e0eb') in 0.084069 seconds
Number of updated asset objects reloaded before import = 0
Number of asset objects unloaded after import = 3
========================================================================
Received Import Request.
  Time since last request: 0.000029 seconds.
  path: Assets/_Game/2D_Assets/Evinronment/Object/Rope 1.png
  artifactKey: Guid(2b912639b9fc0fb4fb608d41b31f8878) Importer(2089858483,0ecaa5967403d082aa24f35e1b516d23)
Start importing Assets/_Game/2D_Assets/Evinronment/Object/Rope 1.png using Guid(2b912639b9fc0fb4fb608d41b31f8878) Importer(2089858483,0ecaa5967403d082aa24f35e1b516d23) Generated GUIDs only implemented for interfaces!
 -> (artifact id: '2c7fb146d094b6c2c7ec1b86bd8330da') in 0.066395 seconds
Number of updated asset objects reloaded before import = 0
Number of asset objects unloaded after import = 3
========================================================================
Received Import Request.
  Time since last request: 0.000033 seconds.
  path: Assets/_Game/Scripts/StateMachine/IdleState.cs
  artifactKey: Guid(1287f2ae2ac84d04aaaa6d5973542948) Importer(2089858483,0ecaa5967403d082aa24f35e1b516d23)
Start importing Assets/_Game/Scripts/StateMachine/IdleState.cs using Guid(1287f2ae2ac84d04aaaa6d5973542948) Importer(2089858483,0ecaa5967403d082aa24f35e1b516d23) Generated GUIDs only implemented for interfaces!
 -> (artifact id: 'ddd02dd65cc6036b660c2b47d279c948') in 0.021185 seconds
Number of updated asset objects reloaded before import = 0
Number of asset objects unloaded after import = 1
========================================================================
Received Import Request.
  Time since last request: 0.000154 seconds.
  path: Assets/TextMesh Pro/Documentation/TextMesh Pro User Guide 2016.pdf
  artifactKey: Guid(1b8d251f9af63b746bf2f7ffe00ebb9b) Importer(2089858483,0ecaa5967403d082aa24f35e1b516d23)
Start importing Assets/TextMesh Pro/Documentation/TextMesh Pro User Guide 2016.pdf using Guid(1b8d251f9af63b746bf2f7ffe00ebb9b) Importer(2089858483,0ecaa5967403d082aa24f35e1b516d23) Generated GUIDs only implemented for interfaces!
 -> (artifact id: 'f19a4ff937dc97ee4d1e85a1118c5fd2') in 0.019348 seconds
Number of updated asset objects reloaded before import = 0
Number of asset objects unloaded after import = 1
========================================================================
Received Import Request.
  Time since last request: 0.000050 seconds.
  path: Assets/_Game/Animations/Player/Attack.anim
  artifactKey: Guid(624d414222418d74595a516124bf3692) Importer(2089858483,0ecaa5967403d082aa24f35e1b516d23)
Start importing Assets/_Game/Animations/Player/Attack.anim using Guid(624d414222418d74595a516124bf3692) Importer(2089858483,0ecaa5967403d082aa24f35e1b516d23) Generated GUIDs only implemented for interfaces!
 -> (artifact id: '570d2b26d4be8317fca15c88e904d79a') in 0.022823 seconds
Number of updated asset objects reloaded before import = 0
Number of asset objects unloaded after import = 1
========================================================================
Received Import Request.
  Time since last request: 0.000029 seconds.
  path: Assets/_Game/TileMap/11.asset
  artifactKey: Guid(e32898f0940eb1d4f94a7e84e2e65c79) Importer(2089858483,0ecaa5967403d082aa24f35e1b516d23)
Start importing Assets/_Game/TileMap/11.asset using Guid(e32898f0940eb1d4f94a7e84e2e65c79) Importer(2089858483,0ecaa5967403d082aa24f35e1b516d23) Generated GUIDs only implemented for interfaces!
 -> (artifact id: '88d27095fcbe7fc1a9a9779045052c96') in 0.020595 seconds
Number of updated asset objects reloaded before import = 0
Number of asset objects unloaded after import = 3
========================================================================
Received Import Request.
  Time since last request: 0.000036 seconds.
  path: Assets/_Game/TileMap/3.asset
  artifactKey: Guid(73777531b9485a04d81806ef952351fd) Importer(2089858483,0ecaa5967403d082aa24f35e1b516d23)
Start importing Assets/_Game/TileMap/3.asset using Guid(73777531b9485a04d81806ef952351fd) Importer(2089858483,0ecaa5967403d082aa24f35e1b516d23) Generated GUIDs only implemented for interfaces!
 -> (artifact id: '4aeb8b1f3b418e77d200c480b88d34a3') in 0.023422 seconds
Number of updated asset objects reloaded before import = 0
Number of asset objects unloaded after import = 3
========================================================================
Received Import Request.
  Time since last request: 0.000024 seconds.
  path: Assets/_Game/2D_Assets/Ninja/Attack/Attack__003.png
  artifactKey: Guid(c0807770dc15ce04889d9df5375f94d9) Importer(2089858483,0ecaa5967403d082aa24f35e1b516d23)
Start importing Assets/_Game/2D_Assets/Ninja/Attack/Attack__003.png using Guid(c0807770dc15ce04889d9df5375f94d9) Importer(2089858483,0ecaa5967403d082aa24f35e1b516d23) Generated GUIDs only implemented for interfaces!
 -> (artifact id: 'a8b76252f501fdf487059efdc130d588') in 0.073144 seconds
Number of updated asset objects reloaded before import = 0
Number of asset objects unloaded after import = 3
========================================================================
Received Import Request.
  Time since last request: 0.000037 seconds.
  path: Assets/_Game/2D_Assets/Ninja/Attack/Attack__004.png
  artifactKey: Guid(804844bc4c76d0c42aa0fb0fa0011d8a) Importer(2089858483,0ecaa5967403d082aa24f35e1b516d23)
Start importing Assets/_Game/2D_Assets/Ninja/Attack/Attack__004.png using Guid(804844bc4c76d0c42aa0fb0fa0011d8a) Importer(2089858483,0ecaa5967403d082aa24f35e1b516d23) Generated GUIDs only implemented for interfaces!
 -> (artifact id: 'eb1b32eac722291d4f53c4ddb807d6e8') in 0.069610 seconds
Number of updated asset objects reloaded before import = 0
Number of asset objects unloaded after import = 3
========================================================================
Received Import Request.
  Time since last request: 0.000038 seconds.
  path: Assets/_Game/2D_Assets/Evinronment/Tiles/3.png
  artifactKey: Guid(d3ce7ba9a1bd94142b9829e8adfe5660) Importer(2089858483,0ecaa5967403d082aa24f35e1b516d23)
Start importing Assets/_Game/2D_Assets/Evinronment/Tiles/3.png using Guid(d3ce7ba9a1bd94142b9829e8adfe5660) Importer(2089858483,0ecaa5967403d082aa24f35e1b516d23) Generated GUIDs only implemented for interfaces!
 -> (artifact id: 'da26b35e9a11a0be68adf09f0b0b8044') in 0.086519 seconds
Number of updated asset objects reloaded before import = 0
Number of asset objects unloaded after import = 3
========================================================================
Received Import Request.
  Time since last request: 0.000032 seconds.
  path: Assets/_Game/2D_Assets/Evinronment/Tiles/3.asset
  artifactKey: Guid(131220a943e87e142b29497b2e4bfc85) Importer(2089858483,0ecaa5967403d082aa24f35e1b516d23)
Start importing Assets/_Game/2D_Assets/Evinronment/Tiles/3.asset using Guid(131220a943e87e142b29497b2e4bfc85) Importer(2089858483,0ecaa5967403d082aa24f35e1b516d23) Generated GUIDs only implemented for interfaces!
 -> (artifact id: 'f65283dbb5f709bc38ede4a41ab42892') in 0.025745 seconds
Number of updated asset objects reloaded before import = 0
Number of asset objects unloaded after import = 3
========================================================================
Received Import Request.
  Time since last request: 0.000060 seconds.
  path: Assets/TextMesh Pro/Sprites/EmojiOne Attribution.txt
  artifactKey: Guid(381dcb09d5029d14897e55f98031fca5) Importer(2089858483,0ecaa5967403d082aa24f35e1b516d23)
Start importing Assets/TextMesh Pro/Sprites/EmojiOne Attribution.txt using Guid(381dcb09d5029d14897e55f98031fca5) Importer(2089858483,0ecaa5967403d082aa24f35e1b516d23) Generated GUIDs only implemented for interfaces!
 -> (artifact id: '905ea21d1cba086496bf37d400857a05') in 0.025202 seconds
Number of updated asset objects reloaded before import = 0
Number of asset objects unloaded after import = 1
========================================================================
Received Import Request.
  Time since last request: 0.000034 seconds.
  path: Assets/_Game/2D_Assets/Evinronment/Tiles/14.png
  artifactKey: Guid(d7601691ac30f674c85b03415615336f) Importer(2089858483,0ecaa5967403d082aa24f35e1b516d23)
Start importing Assets/_Game/2D_Assets/Evinronment/Tiles/14.png using Guid(d7601691ac30f674c85b03415615336f) Importer(2089858483,0ecaa5967403d082aa24f35e1b516d23) Generated GUIDs only implemented for interfaces!
 -> (artifact id: '1f9d7f99b10fe0cb5d71a472afd639fd') in 0.061392 seconds
Number of updated asset objects reloaded before import = 0
Number of asset objects unloaded after import = 3
========================================================================
Received Import Request.
  Time since last request: 0.000026 seconds.
  path: Assets/_Game/TileMap/15.asset
  artifactKey: Guid(cbe26678b2aeda84ba062441d81d5b3d) Importer(2089858483,0ecaa5967403d082aa24f35e1b516d23)
Start importing Assets/_Game/TileMap/15.asset using Guid(cbe26678b2aeda84ba062441d81d5b3d) Importer(2089858483,0ecaa5967403d082aa24f35e1b516d23) Generated GUIDs only implemented for interfaces!
 -> (artifact id: '0c67a369b7197a61a6daa0bd365a40b2') in 0.025054 seconds
Number of updated asset objects reloaded before import = 0
Number of asset objects unloaded after import = 3
========================================================================
Received Import Request.
  Time since last request: 0.000022 seconds.
  path: Assets/_Game/Animations/Coin/Default.anim
  artifactKey: Guid(a895608f40be516469a802e9c79918e4) Importer(2089858483,0ecaa5967403d082aa24f35e1b516d23)
Start importing Assets/_Game/Animations/Coin/Default.anim using Guid(a895608f40be516469a802e9c79918e4) Importer(2089858483,0ecaa5967403d082aa24f35e1b516d23) Generated GUIDs only implemented for interfaces!
 -> (artifact id: 'b2c549cd42ace050a40ce97ce303132f') in 0.021262 seconds
Number of updated asset objects reloaded before import = 0
Number of asset objects unloaded after import = 1
========================================================================
Received Import Request.
  Time since last request: 0.000036 seconds.
  path: Assets/TextMesh Pro/Shaders/TMPro_Surface.cginc
  artifactKey: Guid(d930090c0cd643c7b55f19a38538c162) Importer(2089858483,0ecaa5967403d082aa24f35e1b516d23)
Start importing Assets/TextMesh Pro/Shaders/TMPro_Surface.cginc using Guid(d930090c0cd643c7b55f19a38538c162) Importer(2089858483,0ecaa5967403d082aa24f35e1b516d23) Generated GUIDs only implemented for interfaces!
 -> (artifact id: '1b040a4a8f8e8f9b00988b0e99320c64') in 0.026037 seconds
Number of updated asset objects reloaded before import = 0
Number of asset objects unloaded after import = 1
========================================================================
Received Import Request.
  Time since last request: 0.000043 seconds.
  path: Assets/TextMesh Pro/Shaders/TMP_Bitmap.shader
  artifactKey: Guid(128e987d567d4e2c824d754223b3f3b0) Importer(2089858483,0ecaa5967403d082aa24f35e1b516d23)
Start importing Assets/TextMesh Pro/Shaders/TMP_Bitmap.shader using Guid(128e987d567d4e2c824d754223b3f3b0) Importer(2089858483,0ecaa5967403d082aa24f35e1b516d23) Generated GUIDs only implemented for interfaces!
 -> (artifact id: '50a8d0f201ab79e437b2b3bfb06cb118') in 0.039542 seconds
Number of updated asset objects reloaded before import = 0
Number of asset objects unloaded after import = 1
========================================================================
Received Import Request.
  Time since last request: 0.000154 seconds.
  path: Assets/_Game/Scripts/SavePoint.cs
  artifactKey: Guid(ca34619bb6a1bd4439b4f0258145ebf1) Importer(2089858483,0ecaa5967403d082aa24f35e1b516d23)
Start importing Assets/_Game/Scripts/SavePoint.cs using Guid(ca34619bb6a1bd4439b4f0258145ebf1) Importer(2089858483,0ecaa5967403d082aa24f35e1b516d23) Generated GUIDs only implemented for interfaces!
 -> (artifact id: '7a848ee88d69b688de3ffa4b7bc4e95a') in 0.025600 seconds
Number of updated asset objects reloaded before import = 0
Number of asset objects unloaded after import = 1
========================================================================
Received Import Request.
  Time since last request: 0.000035 seconds.
  path: Assets/TextMesh Pro/Shaders/TMP_SDF Overlay.shader
  artifactKey: Guid(dd89cf5b9246416f84610a006f916af7) Importer(2089858483,0ecaa5967403d082aa24f35e1b516d23)
Start importing Assets/TextMesh Pro/Shaders/TMP_SDF Overlay.shader using Guid(dd89cf5b9246416f84610a006f916af7) Importer(2089858483,0ecaa5967403d082aa24f35e1b516d23) Generated GUIDs only implemented for interfaces!
 -> (artifact id: 'aec4b95ed86f2c64ce859ddd516d7834') in 0.043461 seconds
Number of updated asset objects reloaded before import = 0
Number of asset objects unloaded after import = 1
========================================================================
Received Import Request.
  Time since last request: 0.000055 seconds.
  path: Assets/_Game/2D_Assets/Evinronment/Object/Tree_1.png
  artifactKey: Guid(1dfecbc089abfd441a1936d12a6b1b59) Importer(2089858483,0ecaa5967403d082aa24f35e1b516d23)
Start importing Assets/_Game/2D_Assets/Evinronment/Object/Tree_1.png using Guid(1dfecbc089abfd441a1936d12a6b1b59) Importer(2089858483,0ecaa5967403d082aa24f35e1b516d23) Generated GUIDs only implemented for interfaces!
 -> (artifact id: 'ceb86ffa99006a262afcd3deaf214d40') in 0.066910 seconds
Number of updated asset objects reloaded before import = 0
Number of asset objects unloaded after import = 3
========================================================================
Received Import Request.
  Time since last request: 0.000023 seconds.
  path: Assets/_Game/2D_Assets/Ninja/Attack1/Attack__101.png
  artifactKey: Guid(2e65a339b867da44b8ab9731edf0be34) Importer(2089858483,0ecaa5967403d082aa24f35e1b516d23)
Start importing Assets/_Game/2D_Assets/Ninja/Attack1/Attack__101.png using Guid(2e65a339b867da44b8ab9731edf0be34) Importer(2089858483,0ecaa5967403d082aa24f35e1b516d23) Generated GUIDs only implemented for interfaces!
 -> (artifact id: 'ada18cc3d5e11adad46bf92dc107a3f3') in 0.066805 seconds
Number of updated asset objects reloaded before import = 0
Number of asset objects unloaded after import = 3
========================================================================
Received Import Request.
  Time since last request: 0.000033 seconds.
  path: Assets/_Game/2D_Assets/Ninja/Dead/Dead__002.png
  artifactKey: Guid(a62464794ab28c8409c95a011124ec2d) Importer(2089858483,0ecaa5967403d082aa24f35e1b516d23)
Start importing Assets/_Game/2D_Assets/Ninja/Dead/Dead__002.png using Guid(a62464794ab28c8409c95a011124ec2d) Importer(2089858483,0ecaa5967403d082aa24f35e1b516d23) Generated GUIDs only implemented for interfaces!
 -> (artifact id: '9a0724b93913208ffb4f347860955ce2') in 0.108512 seconds
Number of updated asset objects reloaded before import = 0
Number of asset objects unloaded after import = 3
========================================================================
Received Import Request.
  Time since last request: 0.000040 seconds.
  path: Assets/_Game/2D_Assets/Ninja/Climb/Climb_002.png
  artifactKey: Guid(2e00a2dae32b67e4e9d0afb0e102a100) Importer(2089858483,0ecaa5967403d082aa24f35e1b516d23)
Start importing Assets/_Game/2D_Assets/Ninja/Climb/Climb_002.png using Guid(2e00a2dae32b67e4e9d0afb0e102a100) Importer(2089858483,0ecaa5967403d082aa24f35e1b516d23) Generated GUIDs only implemented for interfaces!
 -> (artifact id: '5a83291faeab7f9fdb20e5c8879c58be') in 0.078646 seconds
Number of updated asset objects reloaded before import = 0
Number of asset objects unloaded after import = 3
========================================================================
Received Import Request.
  Time since last request: 0.000051 seconds.
  path: Assets/_Game/2D_Assets/Ninja/Climb/Climb_007.png
  artifactKey: Guid(03f68e703685b4b4ebfdb17281a73a0e) Importer(2089858483,0ecaa5967403d082aa24f35e1b516d23)
Start importing Assets/_Game/2D_Assets/Ninja/Climb/Climb_007.png using Guid(03f68e703685b4b4ebfdb17281a73a0e) Importer(2089858483,0ecaa5967403d082aa24f35e1b516d23) Generated GUIDs only implemented for interfaces!
 -> (artifact id: '423f962a71cb5ed198d3475ef923032d') in 0.066838 seconds
Number of updated asset objects reloaded before import = 0
Number of asset objects unloaded after import = 3
========================================================================
Received Import Request.
  Time since last request: 0.000025 seconds.
  path: Assets/_Game/2D_Assets/Ninja/Climb/Climb_005.png
  artifactKey: Guid(fc1cecda4102b5b4dac944b9fd52cf37) Importer(2089858483,0ecaa5967403d082aa24f35e1b516d23)
Start importing Assets/_Game/2D_Assets/Ninja/Climb/Climb_005.png using Guid(fc1cecda4102b5b4dac944b9fd52cf37) Importer(2089858483,0ecaa5967403d082aa24f35e1b516d23) Generated GUIDs only implemented for interfaces!
 -> (artifact id: '85bc4de40becf7267fc4f5f0d611c714') in 0.068185 seconds
Number of updated asset objects reloaded before import = 0
Number of asset objects unloaded after import = 3
========================================================================
Received Import Request.
  Time since last request: 0.000029 seconds.
  path: Assets/_Game/2D_Assets/Ninja/Climb/Climb_008.png
  artifactKey: Guid(6a6ed90c78a79d54283d723ee1ed5569) Importer(2089858483,0ecaa5967403d082aa24f35e1b516d23)
Start importing Assets/_Game/2D_Assets/Ninja/Climb/Climb_008.png using Guid(6a6ed90c78a79d54283d723ee1ed5569) Importer(2089858483,0ecaa5967403d082aa24f35e1b516d23) Generated GUIDs only implemented for interfaces!
 -> (artifact id: '2fa23ad92a061bfda654cde502460c61') in 0.088008 seconds
Number of updated asset objects reloaded before import = 0
Number of asset objects unloaded after import = 3
========================================================================
Received Import Request.
  Time since last request: 0.000038 seconds.
  path: Assets/_Game/2D_Assets/Evinronment/Object/Tree_3.png
  artifactKey: Guid(40947efafbadf094d947cfd3c92b619a) Importer(2089858483,0ecaa5967403d082aa24f35e1b516d23)
Start importing Assets/_Game/2D_Assets/Evinronment/Object/Tree_3.png using Guid(40947efafbadf094d947cfd3c92b619a) Importer(2089858483,0ecaa5967403d082aa24f35e1b516d23) Generated GUIDs only implemented for interfaces!
 -> (artifact id: '21e81aec76baf32714b67b1506e3d845') in 0.087088 seconds
Number of updated asset objects reloaded before import = 0
Number of asset objects unloaded after import = 3
========================================================================
Received Import Request.
  Time since last request: 0.000044 seconds.
  path: Assets/_Game/2D_Assets/Ninja/Dead/Dead__009.png
  artifactKey: Guid(af1cbc455ec78044e8aea17020596f86) Importer(2089858483,0ecaa5967403d082aa24f35e1b516d23)
Start importing Assets/_Game/2D_Assets/Ninja/Dead/Dead__009.png using Guid(af1cbc455ec78044e8aea17020596f86) Importer(2089858483,0ecaa5967403d082aa24f35e1b516d23) Generated GUIDs only implemented for interfaces!
 -> (artifact id: '13f00824439d6fab6c0545d4ff96f99f') in 0.067155 seconds
Number of updated asset objects reloaded before import = 0
Number of asset objects unloaded after import = 3
========================================================================
Received Import Request.
  Time since last request: 0.000034 seconds.
  path: Assets/_Game/2D_Assets/Ninja/Idle/Idle__000.png
  artifactKey: Guid(a4e87428ca722e04bbb899868e14e94a) Importer(2089858483,0ecaa5967403d082aa24f35e1b516d23)
Start importing Assets/_Game/2D_Assets/Ninja/Idle/Idle__000.png using Guid(a4e87428ca722e04bbb899868e14e94a) Importer(2089858483,0ecaa5967403d082aa24f35e1b516d23) Generated GUIDs only implemented for interfaces!
 -> (artifact id: '297fc1d2da125842577d8547bdf3e79a') in 0.090433 seconds
Number of updated asset objects reloaded before import = 0
Number of asset objects unloaded after import = 3
========================================================================
Received Import Request.
  Time since last request: 0.000030 seconds.
  path: Assets/_Game/2D_Assets/Ninja/Glide/Glide_000.png
  artifactKey: Guid(77a137c91539d9e48abd77dc87526ada) Importer(2089858483,0ecaa5967403d082aa24f35e1b516d23)
Start importing Assets/_Game/2D_Assets/Ninja/Glide/Glide_000.png using Guid(77a137c91539d9e48abd77dc87526ada) Importer(2089858483,0ecaa5967403d082aa24f35e1b516d23) Generated GUIDs only implemented for interfaces!
 -> (artifact id: '83a2a59d639caa9a32cb2f5762c17fa8') in 0.101130 seconds
Number of updated asset objects reloaded before import = 0
Number of asset objects unloaded after import = 3
========================================================================
Received Import Request.
  Time since last request: 0.000044 seconds.
  path: Assets/_Game/2D_Assets/Ninja/Glide/Glide_008.png
  artifactKey: Guid(4ad708574256c954c8e115e8ae3ab9b2) Importer(2089858483,0ecaa5967403d082aa24f35e1b516d23)
Start importing Assets/_Game/2D_Assets/Ninja/Glide/Glide_008.png using Guid(4ad708574256c954c8e115e8ae3ab9b2) Importer(2089858483,0ecaa5967403d082aa24f35e1b516d23) Generated GUIDs only implemented for interfaces!
 -> (artifact id: '9bc8741e891ee24948f453f666d8899e') in 0.078086 seconds
Number of updated asset objects reloaded before import = 0
Number of asset objects unloaded after import = 3
========================================================================
Received Import Request.
  Time since last request: 0.000039 seconds.
  path: Assets/_Game/2D_Assets/Ninja/Dead/Dead__008.png
  artifactKey: Guid(77d9a041e17b43b479932b8f1dd1a2eb) Importer(2089858483,0ecaa5967403d082aa24f35e1b516d23)
Start importing Assets/_Game/2D_Assets/Ninja/Dead/Dead__008.png using Guid(77d9a041e17b43b479932b8f1dd1a2eb) Importer(2089858483,0ecaa5967403d082aa24f35e1b516d23) Generated GUIDs only implemented for interfaces!
 -> (artifact id: '7eca48145caf212a90a4adefee91118d') in 0.069689 seconds
Number of updated asset objects reloaded before import = 0
Number of asset objects unloaded after import = 3
========================================================================
Received Import Request.
  Time since last request: 0.000025 seconds.
  path: Assets/_Game/Prefabs/Hit_VFX.prefab
  artifactKey: Guid(0e12abfebde92224b986e3b6d8d47446) Importer(2089858483,0ecaa5967403d082aa24f35e1b516d23)
Start importing Assets/_Game/Prefabs/Hit_VFX.prefab using Guid(0e12abfebde92224b986e3b6d8d47446) Importer(2089858483,0ecaa5967403d082aa24f35e1b516d23) Generated GUIDs only implemented for interfaces!
 -> (artifact id: '0df33a5f177ceafb0c7d33fc8b60fb8a') in 0.263895 seconds
Number of updated asset objects reloaded before import = 0
Number of asset objects unloaded after import = 10
========================================================================
Received Import Request.
  Time since last request: 0.000029 seconds.
  path: Assets/_Game/2D_Assets/Ninja/Jump/Jump__005.png
  artifactKey: Guid(f7172c6aff2444c488dd51b143a4b8db) Importer(2089858483,0ecaa5967403d082aa24f35e1b516d23)
Start importing Assets/_Game/2D_Assets/Ninja/Jump/Jump__005.png using Guid(f7172c6aff2444c488dd51b143a4b8db) Importer(2089858483,0ecaa5967403d082aa24f35e1b516d23) Generated GUIDs only implemented for interfaces!
 -> (artifact id: 'c56e8db9d13500d165fc11444d5ee0e3') in 0.070618 seconds
Number of updated asset objects reloaded before import = 0
Number of asset objects unloaded after import = 3
========================================================================
Received Import Request.
  Time since last request: 0.000055 seconds.
  path: Assets/_Game/2D_Assets/Ninja/Jump/Jump__007.png
  artifactKey: Guid(662d0f8acdcd71b44b7b89c9810c0f7a) Importer(2089858483,0ecaa5967403d082aa24f35e1b516d23)
Start importing Assets/_Game/2D_Assets/Ninja/Jump/Jump__007.png using Guid(662d0f8acdcd71b44b7b89c9810c0f7a) Importer(2089858483,0ecaa5967403d082aa24f35e1b516d23) Generated GUIDs only implemented for interfaces!
 -> (artifact id: '98521d2ab37ba683b871c430371e8843') in 0.055475 seconds
Number of updated asset objects reloaded before import = 0
Number of asset objects unloaded after import = 3
========================================================================
Received Import Request.
  Time since last request: 0.000036 seconds.
  path: Assets/_Game/2D_Assets/Ninja/Jump/Jump__003.png
  artifactKey: Guid(f641ceef28ff16e4393edef7af00b789) Importer(2089858483,0ecaa5967403d082aa24f35e1b516d23)
Start importing Assets/_Game/2D_Assets/Ninja/Jump/Jump__003.png using Guid(f641ceef28ff16e4393edef7af00b789) Importer(2089858483,0ecaa5967403d082aa24f35e1b516d23) Generated GUIDs only implemented for interfaces!
 -> (artifact id: '5c2038454562d4eef47606c859085176') in 0.065541 seconds
Number of updated asset objects reloaded before import = 0
Number of asset objects unloaded after import = 3
========================================================================
Received Import Request.
  Time since last request: 0.000028 seconds.
  path: Assets/_Game/2D_Assets/Ninja/Jump_Att/Jump_Attack__008.png
  artifactKey: Guid(42f85fcdfdf84e242bfe158ce2706cdb) Importer(2089858483,0ecaa5967403d082aa24f35e1b516d23)
Start importing Assets/_Game/2D_Assets/Ninja/Jump_Att/Jump_Attack__008.png using Guid(42f85fcdfdf84e242bfe158ce2706cdb) Importer(2089858483,0ecaa5967403d082aa24f35e1b516d23) Generated GUIDs only implemented for interfaces!
 -> (artifact id: '3be368abe0b5e35adde1482c25f11557') in 0.071994 seconds
Number of updated asset objects reloaded before import = 0
Number of asset objects unloaded after import = 3
========================================================================
Received Import Request.
  Time since last request: 0.000025 seconds.
  path: Assets/_Game/2D_Assets/Ninja/Jump/Jump__001.png
  artifactKey: Guid(0da18d22a74280e4e838f93507e1d4bc) Importer(2089858483,0ecaa5967403d082aa24f35e1b516d23)
Start importing Assets/_Game/2D_Assets/Ninja/Jump/Jump__001.png using Guid(0da18d22a74280e4e838f93507e1d4bc) Importer(2089858483,0ecaa5967403d082aa24f35e1b516d23) Generated GUIDs only implemented for interfaces!
 -> (artifact id: 'ff05d3160e8576d6d14666983a6043f5') in 0.114082 seconds
Number of updated asset objects reloaded before import = 0
Number of asset objects unloaded after import = 3
========================================================================
Received Import Request.
  Time since last request: 0.000041 seconds.
  path: Assets/_Game/2D_Assets/Evinronment/Tiles/5.png
  artifactKey: Guid(6a427842b63515e45bc7f9d60c39edf8) Importer(2089858483,0ecaa5967403d082aa24f35e1b516d23)
Start importing Assets/_Game/2D_Assets/Evinronment/Tiles/5.png using Guid(6a427842b63515e45bc7f9d60c39edf8) Importer(2089858483,0ecaa5967403d082aa24f35e1b516d23) Generated GUIDs only implemented for interfaces!
 -> (artifact id: 'de7b6bcbf55a73cae2de81e1d96f3146') in 0.082304 seconds
Number of updated asset objects reloaded before import = 0
Number of asset objects unloaded after import = 3
========================================================================
Received Import Request.
  Time since last request: 0.000052 seconds.
  path: Assets/_Game/2D_Assets/Ninja/Jump_thr/Jump_Throw__003.png
  artifactKey: Guid(3fb685a9cf73332418c3ca4f782f50e5) Importer(2089858483,0ecaa5967403d082aa24f35e1b516d23)
Start importing Assets/_Game/2D_Assets/Ninja/Jump_thr/Jump_Throw__003.png using Guid(3fb685a9cf73332418c3ca4f782f50e5) Importer(2089858483,0ecaa5967403d082aa24f35e1b516d23) Generated GUIDs only implemented for interfaces!
 -> (artifact id: '60d68ed59f356607be0fd34f41a3defa') in 0.070936 seconds
Number of updated asset objects reloaded before import = 0
Number of asset objects unloaded after import = 3
========================================================================
Received Import Request.
  Time since last request: 0.000247 seconds.
  path: Assets/_Game/2D_Assets/Ninja/Jump_thr/Jump_Throw__001.png
  artifactKey: Guid(8ab2a1a07763de649b1ad629daa8b0bf) Importer(2089858483,0ecaa5967403d082aa24f35e1b516d23)
Start importing Assets/_Game/2D_Assets/Ninja/Jump_thr/Jump_Throw__001.png using Guid(8ab2a1a07763de649b1ad629daa8b0bf) Importer(2089858483,0ecaa5967403d082aa24f35e1b516d23) Generated GUIDs only implemented for interfaces!
 -> (artifact id: '10853c48526997e11b3cd0ebebf643fe') in 0.091930 seconds
Number of updated asset objects reloaded before import = 0
Number of asset objects unloaded after import = 3
========================================================================
Received Import Request.
  Time since last request: 0.000033 seconds.
  path: Assets/_Game/2D_Assets/Ninja/Run/Run__007.png
  artifactKey: Guid(e1ed38c945edf2a47a7ba268a8d0530d) Importer(2089858483,0ecaa5967403d082aa24f35e1b516d23)
Start importing Assets/_Game/2D_Assets/Ninja/Run/Run__007.png using Guid(e1ed38c945edf2a47a7ba268a8d0530d) Importer(2089858483,0ecaa5967403d082aa24f35e1b516d23) Generated GUIDs only implemented for interfaces!
 -> (artifact id: 'dde5d8db481bc469c1bccb487dac5df6') in 0.101495 seconds
Number of updated asset objects reloaded before import = 0
Number of asset objects unloaded after import = 3
========================================================================
Received Import Request.
  Time since last request: 0.000038 seconds.
  path: Assets/_Game/2D_Assets/Ninja/Run/Run__006.png
  artifactKey: Guid(d10e647768a0ecb40a9adbdfb5023a4c) Importer(2089858483,0ecaa5967403d082aa24f35e1b516d23)
Start importing Assets/_Game/2D_Assets/Ninja/Run/Run__006.png using Guid(d10e647768a0ecb40a9adbdfb5023a4c) Importer(2089858483,0ecaa5967403d082aa24f35e1b516d23) Generated GUIDs only implemented for interfaces!
 -> (artifact id: '4c3f5873808752c712c51244c5dfd3de') in 0.088185 seconds
Number of updated asset objects reloaded before import = 0
Number of asset objects unloaded after import = 3
========================================================================
Received Import Request.
  Time since last request: 0.000038 seconds.
  path: Assets/_Game/TileMap/1.asset
  artifactKey: Guid(95703013956c75644b2f22a4968ad437) Importer(2089858483,0ecaa5967403d082aa24f35e1b516d23)
Start importing Assets/_Game/TileMap/1.asset using Guid(95703013956c75644b2f22a4968ad437) Importer(2089858483,0ecaa5967403d082aa24f35e1b516d23) Generated GUIDs only implemented for interfaces!
 -> (artifact id: '150e6dc39d7f644ff9ceced31ae9d75c') in 0.026105 seconds
Number of updated asset objects reloaded before import = 0
Number of asset objects unloaded after import = 3
========================================================================
Received Import Request.
  Time since last request: 0.000035 seconds.
  path: Assets/_Game/TileMap/17.asset
  artifactKey: Guid(5d1a47650d98db04287eb46ce4d1907b) Importer(2089858483,0ecaa5967403d082aa24f35e1b516d23)
Start importing Assets/_Game/TileMap/17.asset using Guid(5d1a47650d98db04287eb46ce4d1907b) Importer(2089858483,0ecaa5967403d082aa24f35e1b516d23) Generated GUIDs only implemented for interfaces!
 -> (artifact id: '897cc7c475fa973d2d5fe749fae0e920') in 0.026649 seconds
Number of updated asset objects reloaded before import = 0
Number of asset objects unloaded after import = 3
========================================================================
Received Import Request.
  Time since last request: 0.000027 seconds.
  path: Assets/TextMesh Pro/Resources/Fonts & Materials/LiberationSans SDF.asset
  artifactKey: Guid(8f586378b4e144a9851e7b34d9b748ee) Importer(2089858483,0ecaa5967403d082aa24f35e1b516d23)
Start importing Assets/TextMesh Pro/Resources/Fonts & Materials/LiberationSans SDF.asset using Guid(8f586378b4e144a9851e7b34d9b748ee) Importer(2089858483,0ecaa5967403d082aa24f35e1b516d23) Generated GUIDs only implemented for interfaces!
 -> (artifact id: '945395b41697a9efee3063e5fae175f5') in 0.163153 seconds
Number of updated asset objects reloaded before import = 0
Number of asset objects unloaded after import = 8
========================================================================
Received Import Request.
  Time since last request: 0.000041 seconds.
  path: Assets/_Game/2D_Assets/Ninja/Slide/Slide__007.png
  artifactKey: Guid(2f35de616dd7abc4aa3cce706b7c7146) Importer(2089858483,0ecaa5967403d082aa24f35e1b516d23)
Start importing Assets/_Game/2D_Assets/Ninja/Slide/Slide__007.png using Guid(2f35de616dd7abc4aa3cce706b7c7146) Importer(2089858483,0ecaa5967403d082aa24f35e1b516d23) Generated GUIDs only implemented for interfaces!
 -> (artifact id: 'cd00f077cec44db009d8e47c76001e0a') in 0.065035 seconds
Number of updated asset objects reloaded before import = 0
Number of asset objects unloaded after import = 3
========================================================================
Received Import Request.
  Time since last request: 0.000048 seconds.
  path: Assets/_Game/2D_Assets/Ninja/Slide/Slide__005.png
  artifactKey: Guid(528807e11891ac743989c535457ed17a) Importer(2089858483,0ecaa5967403d082aa24f35e1b516d23)
Start importing Assets/_Game/2D_Assets/Ninja/Slide/Slide__005.png using Guid(528807e11891ac743989c535457ed17a) Importer(2089858483,0ecaa5967403d082aa24f35e1b516d23) Generated GUIDs only implemented for interfaces!
 -> (artifact id: '90c6e97d1fb6616569332b679e3dc382') in 0.081467 seconds
Number of updated asset objects reloaded before import = 0
Number of asset objects unloaded after import = 3
========================================================================
Received Import Request.
  Time since last request: 0.000037 seconds.
  path: Assets/_Game/2D_Assets/Ninja/Slide/Slide__000.png
  artifactKey: Guid(2442701230dc6f140b59883a7df250e1) Importer(2089858483,0ecaa5967403d082aa24f35e1b516d23)
Start importing Assets/_Game/2D_Assets/Ninja/Slide/Slide__000.png using Guid(2442701230dc6f140b59883a7df250e1) Importer(2089858483,0ecaa5967403d082aa24f35e1b516d23) Generated GUIDs only implemented for interfaces!
 -> (artifact id: '1c9d84b96969c727af36ff5a2ffbc315') in 0.088551 seconds
Number of updated asset objects reloaded before import = 0
Number of asset objects unloaded after import = 3
========================================================================
Received Import Request.
  Time since last request: 0.000033 seconds.
  path: Assets/_Game/2D_Assets/Ninja/Slide/Slide__008.png
  artifactKey: Guid(1af413a3565155b439fe8e9497781435) Importer(2089858483,0ecaa5967403d082aa24f35e1b516d23)
Start importing Assets/_Game/2D_Assets/Ninja/Slide/Slide__008.png using Guid(1af413a3565155b439fe8e9497781435) Importer(2089858483,0ecaa5967403d082aa24f35e1b516d23) Generated GUIDs only implemented for interfaces!
 -> (artifact id: 'b84caa1f5217bac556f38aa8a8390e96') in 0.098492 seconds
Number of updated asset objects reloaded before import = 0
Number of asset objects unloaded after import = 3
========================================================================
Received Import Request.
  Time since last request: 0.000039 seconds.
  path: Assets/_Game/2D_Assets/Ninja/SleepIdle/Idle_Asleep__007.png
  artifactKey: Guid(7ecb4a2850bcca344b989f8303ac9c26) Importer(2089858483,0ecaa5967403d082aa24f35e1b516d23)
Start importing Assets/_Game/2D_Assets/Ninja/SleepIdle/Idle_Asleep__007.png using Guid(7ecb4a2850bcca344b989f8303ac9c26) Importer(2089858483,0ecaa5967403d082aa24f35e1b516d23) Generated GUIDs only implemented for interfaces!
 -> (artifact id: '9e7b99cfe78ed485ccce33e2aa50d97f') in 0.086237 seconds
Number of updated asset objects reloaded before import = 0
Number of asset objects unloaded after import = 3
========================================================================
Received Import Request.
  Time since last request: 0.000040 seconds.
  path: Assets/_Game/2D_Assets/NinjaEnemy/Attack/Attack__003.png
  artifactKey: Guid(99b489c95ef2d0f488885f60618e3574) Importer(2089858483,0ecaa5967403d082aa24f35e1b516d23)
Start importing Assets/_Game/2D_Assets/NinjaEnemy/Attack/Attack__003.png using Guid(99b489c95ef2d0f488885f60618e3574) Importer(2089858483,0ecaa5967403d082aa24f35e1b516d23) Generated GUIDs only implemented for interfaces!
 -> (artifact id: 'f74d6fb3fb94816b5d0bcbe24110b76d') in 0.068071 seconds
Number of updated asset objects reloaded before import = 0
Number of asset objects unloaded after import = 3
========================================================================
Received Import Request.
  Time since last request: 0.000029 seconds.
  path: Assets/_Game/2D_Assets/NinjaEnemy/Attack/Attack__004.png
  artifactKey: Guid(e3c6c69780c0d0a4fbfa133e4cdfc142) Importer(2089858483,0ecaa5967403d082aa24f35e1b516d23)
Start importing Assets/_Game/2D_Assets/NinjaEnemy/Attack/Attack__004.png using Guid(e3c6c69780c0d0a4fbfa133e4cdfc142) Importer(2089858483,0ecaa5967403d082aa24f35e1b516d23) Generated GUIDs only implemented for interfaces!
 -> (artifact id: 'f8aec373b119e601ac37f782127daeaf') in 0.071430 seconds
Number of updated asset objects reloaded before import = 0
Number of asset objects unloaded after import = 3
========================================================================
Received Import Request.
  Time since last request: 0.000025 seconds.
  path: Assets/_Game/2D_Assets/Ninja/Throw/Throw__005.png
  artifactKey: Guid(5b8128b9e1212554b9e3fa9be5172197) Importer(2089858483,0ecaa5967403d082aa24f35e1b516d23)
Start importing Assets/_Game/2D_Assets/Ninja/Throw/Throw__005.png using Guid(5b8128b9e1212554b9e3fa9be5172197) Importer(2089858483,0ecaa5967403d082aa24f35e1b516d23) Generated GUIDs only implemented for interfaces!
 -> (artifact id: '2042055b940f9faf88c22bf5eafb25cf') in 0.084538 seconds
Number of updated asset objects reloaded before import = 0
Number of asset objects unloaded after import = 3
========================================================================
Received Import Request.
  Time since last request: 0.000067 seconds.
  path: Assets/_Game/2D_Assets/Ninja/Throw/Throw__003.png
  artifactKey: Guid(bce43f9d7fc298f40b81f398c9d95d04) Importer(2089858483,0ecaa5967403d082aa24f35e1b516d23)
Start importing Assets/_Game/2D_Assets/Ninja/Throw/Throw__003.png using Guid(bce43f9d7fc298f40b81f398c9d95d04) Importer(2089858483,0ecaa5967403d082aa24f35e1b516d23) Generated GUIDs only implemented for interfaces!
 -> (artifact id: '25b0f546700f0c34c3cd16b78706c473') in 0.084159 seconds
Number of updated asset objects reloaded before import = 0
Number of asset objects unloaded after import = 3
========================================================================
Received Import Request.
  Time since last request: 0.000046 seconds.
  path: Assets/_Game/2D_Assets/NinjaEnemy/Attack/Attack__001.png
  artifactKey: Guid(ffc50aee5be9f9a44a86218c5c93645d) Importer(2089858483,0ecaa5967403d082aa24f35e1b516d23)
Start importing Assets/_Game/2D_Assets/NinjaEnemy/Attack/Attack__001.png using Guid(ffc50aee5be9f9a44a86218c5c93645d) Importer(2089858483,0ecaa5967403d082aa24f35e1b516d23) Generated GUIDs only implemented for interfaces!
 -> (artifact id: '5676a2d521e585965649b23f35967611') in 0.073007 seconds
Number of updated asset objects reloaded before import = 0
Number of asset objects unloaded after import = 3
========================================================================
Received Import Request.
  Time since last request: 0.000024 seconds.
  path: Assets/_Game/2D_Assets/Ninja/Slide/Slide__003.png
  artifactKey: Guid(e07fc437f0039af4da766c3fc2a20934) Importer(2089858483,0ecaa5967403d082aa24f35e1b516d23)
Start importing Assets/_Game/2D_Assets/Ninja/Slide/Slide__003.png using Guid(e07fc437f0039af4da766c3fc2a20934) Importer(2089858483,0ecaa5967403d082aa24f35e1b516d23) Generated GUIDs only implemented for interfaces!
 -> (artifact id: '5b544059cb21540a9bb8351a08871b08') in 0.086434 seconds
Number of updated asset objects reloaded before import = 0
Number of asset objects unloaded after import = 3
========================================================================
Received Import Request.
  Time since last request: 0.000026 seconds.
  path: Assets/_Game/2D_Assets/NinjaEnemy/Attack/Attack__005.png
  artifactKey: Guid(025fbd2b47d9e6a4b87d7c228db5d984) Importer(2089858483,0ecaa5967403d082aa24f35e1b516d23)
Start importing Assets/_Game/2D_Assets/NinjaEnemy/Attack/Attack__005.png using Guid(025fbd2b47d9e6a4b87d7c228db5d984) Importer(2089858483,0ecaa5967403d082aa24f35e1b516d23) Generated GUIDs only implemented for interfaces!
 -> (artifact id: '52021cf7489afa083d645105663f6217') in 0.090913 seconds
Number of updated asset objects reloaded before import = 0
Number of asset objects unloaded after import = 3
========================================================================
Received Import Request.
  Time since last request: 0.000038 seconds.
  path: Assets/_Game/2D_Assets/NinjaEnemy/Idle/Idle__005.png
  artifactKey: Guid(7fe97f7889f625c47845a3c463834477) Importer(2089858483,0ecaa5967403d082aa24f35e1b516d23)
Start importing Assets/_Game/2D_Assets/NinjaEnemy/Idle/Idle__005.png using Guid(7fe97f7889f625c47845a3c463834477) Importer(2089858483,0ecaa5967403d082aa24f35e1b516d23) Generated GUIDs only implemented for interfaces!
 -> (artifact id: 'e1f334d2740908fd23be81624cbfb209') in 0.068245 seconds
Number of updated asset objects reloaded before import = 0
Number of asset objects unloaded after import = 3
========================================================================
Received Import Request.
  Time since last request: 0.000058 seconds.
  path: Assets/_Game/2D_Assets/NinjaEnemy/Idle/Idle__002.png
  artifactKey: Guid(9d11330efd55c9d4483b6fe78afbc4c6) Importer(2089858483,0ecaa5967403d082aa24f35e1b516d23)
Start importing Assets/_Game/2D_Assets/NinjaEnemy/Idle/Idle__002.png using Guid(9d11330efd55c9d4483b6fe78afbc4c6) Importer(2089858483,0ecaa5967403d082aa24f35e1b516d23) Generated GUIDs only implemented for interfaces!
 -> (artifact id: '2b751c2a97c3a6f615e181ad72fd5461') in 0.072413 seconds
Number of updated asset objects reloaded before import = 0
Number of asset objects unloaded after import = 3
========================================================================
Received Import Request.
  Time since last request: 0.000028 seconds.
  path: Assets/_Game/2D_Assets/NinjaEnemy/Idle/Idle__003.png
  artifactKey: Guid(35febb93365a2e94abb18e3963697ce2) Importer(2089858483,0ecaa5967403d082aa24f35e1b516d23)
Start importing Assets/_Game/2D_Assets/NinjaEnemy/Idle/Idle__003.png using Guid(35febb93365a2e94abb18e3963697ce2) Importer(2089858483,0ecaa5967403d082aa24f35e1b516d23) Generated GUIDs only implemented for interfaces!
 -> (artifact id: '78f6c8229a9a475bc908a51846e17bbd') in 0.074771 seconds
Number of updated asset objects reloaded before import = 0
Number of asset objects unloaded after import = 3
========================================================================
Received Import Request.
  Time since last request: 0.000034 seconds.
  path: Assets/_Game/2D_Assets/Evinronment/Tiles/5.asset
  artifactKey: Guid(32873959fd2d30f48987f72609a8227c) Importer(2089858483,0ecaa5967403d082aa24f35e1b516d23)
Start importing Assets/_Game/2D_Assets/Evinronment/Tiles/5.asset using Guid(32873959fd2d30f48987f72609a8227c) Importer(2089858483,0ecaa5967403d082aa24f35e1b516d23) Generated GUIDs only implemented for interfaces!
 -> (artifact id: 'af71ba9195f32a6370e506244cc11cb6') in 0.025240 seconds
Number of updated asset objects reloaded before import = 0
Number of asset objects unloaded after import = 3
========================================================================
Received Import Request.
  Time since last request: 0.000029 seconds.
  path: Assets/_Game/2D_Assets/Ninja/Idle/Idle__005.png
  artifactKey: Guid(4c33f8e04ec34c04b88c24f118348365) Importer(2089858483,0ecaa5967403d082aa24f35e1b516d23)
Start importing Assets/_Game/2D_Assets/Ninja/Idle/Idle__005.png using Guid(4c33f8e04ec34c04b88c24f118348365) Importer(2089858483,0ecaa5967403d082aa24f35e1b516d23) Generated GUIDs only implemented for interfaces!
 -> (artifact id: '3cb6493582dd1e671a78ec4d0888db35') in 0.088348 seconds
Number of updated asset objects reloaded before import = 0
Number of asset objects unloaded after import = 3
========================================================================
Received Import Request.
  Time since last request: 0.000044 seconds.
  path: Assets/_Game/2D_Assets/Ninja/Attack2/Attack__203.png
  artifactKey: Guid(e1b525e709ff84d46a669321387a2044) Importer(2089858483,0ecaa5967403d082aa24f35e1b516d23)
Start importing Assets/_Game/2D_Assets/Ninja/Attack2/Attack__203.png using Guid(e1b525e709ff84d46a669321387a2044) Importer(2089858483,0ecaa5967403d082aa24f35e1b516d23) Generated GUIDs only implemented for interfaces!
 -> (artifact id: 'ebc3b2c34e69d87628cbffc8b7cdd950') in 0.068076 seconds
Number of updated asset objects reloaded before import = 0
Number of asset objects unloaded after import = 3
========================================================================
Received Import Request.
  Time since last request: 0.000055 seconds.
  path: Assets/_Game/2D_Assets/NinjaEnemy/Dead/Dead__001.png
  artifactKey: Guid(2b55c7d4c17ed1548ac9a678d761f248) Importer(2089858483,0ecaa5967403d082aa24f35e1b516d23)
Start importing Assets/_Game/2D_Assets/NinjaEnemy/Dead/Dead__001.png using Guid(2b55c7d4c17ed1548ac9a678d761f248) Importer(2089858483,0ecaa5967403d082aa24f35e1b516d23) Generated GUIDs only implemented for interfaces!
 -> (artifact id: '41888afdc62375bfc463e6789de2b4d2') in 0.063394 seconds
Number of updated asset objects reloaded before import = 0
Number of asset objects unloaded after import = 3
========================================================================
Received Import Request.
  Time since last request: 0.000026 seconds.
  path: Assets/_Game/2D_Assets/Ninja/Attack2/Attack__202.png
  artifactKey: Guid(b15e8304b25b83f48836f37d2cdd6a0b) Importer(2089858483,0ecaa5967403d082aa24f35e1b516d23)
Start importing Assets/_Game/2D_Assets/Ninja/Attack2/Attack__202.png using Guid(b15e8304b25b83f48836f37d2cdd6a0b) Importer(2089858483,0ecaa5967403d082aa24f35e1b516d23) Generated GUIDs only implemented for interfaces!
 -> (artifact id: '3e9595215c58fc05191c2462c7cc45ab') in 0.076666 seconds
Number of updated asset objects reloaded before import = 0
Number of asset objects unloaded after import = 3
========================================================================
Received Import Request.
  Time since last request: 0.000033 seconds.
  path: Assets/_Game/2D_Assets/NinjaEnemy/Throw/Throw__002.png
  artifactKey: Guid(dde7355bf8fe02f4bb39713733ad6f30) Importer(2089858483,0ecaa5967403d082aa24f35e1b516d23)
Start importing Assets/_Game/2D_Assets/NinjaEnemy/Throw/Throw__002.png using Guid(dde7355bf8fe02f4bb39713733ad6f30) Importer(2089858483,0ecaa5967403d082aa24f35e1b516d23) Generated GUIDs only implemented for interfaces!
 -> (artifact id: 'ca3ee4fdb6f6bc275c7c73171481038c') in 0.103824 seconds
Number of updated asset objects reloaded before import = 0
Number of asset objects unloaded after import = 3
========================================================================
Received Import Request.
  Time since last request: 0.000040 seconds.
  path: Assets/_Game/2D_Assets/NinjaEnemy/Run/Run__005.png
  artifactKey: Guid(f0eb8258c8a45eb4185284ffb05c2a02) Importer(2089858483,0ecaa5967403d082aa24f35e1b516d23)
Start importing Assets/_Game/2D_Assets/NinjaEnemy/Run/Run__005.png using Guid(f0eb8258c8a45eb4185284ffb05c2a02) Importer(2089858483,0ecaa5967403d082aa24f35e1b516d23) Generated GUIDs only implemented for interfaces!
 -> (artifact id: 'e809c33dff081561ee25761a7c856e73') in 0.067950 seconds
Number of updated asset objects reloaded before import = 0
Number of asset objects unloaded after import = 3
========================================================================
Received Import Request.
  Time since last request: 0.000042 seconds.
  path: Assets/_Game/2D_Assets/NinjaEnemy/Throw/Throw__003.png
  artifactKey: Guid(9bbd92a145d3ac2429aff18e324cacab) Importer(2089858483,0ecaa5967403d082aa24f35e1b516d23)
Start importing Assets/_Game/2D_Assets/NinjaEnemy/Throw/Throw__003.png using Guid(9bbd92a145d3ac2429aff18e324cacab) Importer(2089858483,0ecaa5967403d082aa24f35e1b516d23) Generated GUIDs only implemented for interfaces!
 -> (artifact id: '3582c4ec83ad1b4fb3801af591e6b237') in 0.061693 seconds
Number of updated asset objects reloaded before import = 0
Number of asset objects unloaded after import = 3
========================================================================
Received Import Request.
  Time since last request: 0.000032 seconds.
  path: Assets/_Game/2D_Assets/Ninja/Attack1/Attack__105.png
  artifactKey: Guid(1944c007edd89e146acd21f45e39f3d9) Importer(2089858483,0ecaa5967403d082aa24f35e1b516d23)
Start importing Assets/_Game/2D_Assets/Ninja/Attack1/Attack__105.png using Guid(1944c007edd89e146acd21f45e39f3d9) Importer(2089858483,0ecaa5967403d082aa24f35e1b516d23) Generated GUIDs only implemented for interfaces!
 -> (artifact id: '295f53bf91d899b861e58b5766209565') in 0.092456 seconds
Number of updated asset objects reloaded before import = 0
Number of asset objects unloaded after import = 3
========================================================================
Received Import Request.
  Time since last request: 0.000032 seconds.
  path: Assets/_Game/2D_Assets/Evinronment/Tiles/8.png
  artifactKey: Guid(ba0744ada427e8e49bab5bcd5cb2da85) Importer(2089858483,0ecaa5967403d082aa24f35e1b516d23)
Start importing Assets/_Game/2D_Assets/Evinronment/Tiles/8.png using Guid(ba0744ada427e8e49bab5bcd5cb2da85) Importer(2089858483,0ecaa5967403d082aa24f35e1b516d23) Generated GUIDs only implemented for interfaces!
 -> (artifact id: '681c5219d012ef77a59f8bfad419f455') in 0.079350 seconds
Number of updated asset objects reloaded before import = 0
Number of asset objects unloaded after import = 3
========================================================================
Received Import Request.
  Time since last request: 0.000032 seconds.
  path: Assets/_Game/Scripts/StateMachine/PatrolState.cs
  artifactKey: Guid(04fc2e35c7abe414c9ed179e4b51c567) Importer(2089858483,0ecaa5967403d082aa24f35e1b516d23)
Start importing Assets/_Game/Scripts/StateMachine/PatrolState.cs using Guid(04fc2e35c7abe414c9ed179e4b51c567) Importer(2089858483,0ecaa5967403d082aa24f35e1b516d23) Generated GUIDs only implemented for interfaces!
 -> (artifact id: '86989a074a65f2575ad7e025d91201eb') in 0.021766 seconds
Number of updated asset objects reloaded before import = 0
Number of asset objects unloaded after import = 1
========================================================================
Received Import Request.
  Time since last request: 0.000058 seconds.
  path: Assets/_Game/Prefabs/Kunai.prefab
  artifactKey: Guid(ab465ab45b922f548b1cf37f3466ed81) Importer(2089858483,0ecaa5967403d082aa24f35e1b516d23)
Start importing Assets/_Game/Prefabs/Kunai.prefab using Guid(ab465ab45b922f548b1cf37f3466ed81) Importer(2089858483,0ecaa5967403d082aa24f35e1b516d23) Generated GUIDs only implemented for interfaces!
 -> (artifact id: '0b7d5d2d74d2dda102e2e3e27e990a29') in 0.044385 seconds
Number of updated asset objects reloaded before import = 0
Number of asset objects unloaded after import = 21
========================================================================
Received Import Request.
  Time since last request: 0.000037 seconds.
  path: Assets/TextMesh Pro/Shaders/TMPro_Properties.cginc
  artifactKey: Guid(3997e2241185407d80309a82f9148466) Importer(2089858483,0ecaa5967403d082aa24f35e1b516d23)
Start importing Assets/TextMesh Pro/Shaders/TMPro_Properties.cginc using Guid(3997e2241185407d80309a82f9148466) Importer(2089858483,0ecaa5967403d082aa24f35e1b516d23) Generated GUIDs only implemented for interfaces!
 -> (artifact id: 'a374924fa15675324a1b62504487fe16') in 0.016953 seconds
Number of updated asset objects reloaded before import = 0
Number of asset objects unloaded after import = 1
========================================================================
Received Import Request.
  Time since last request: 0.000033 seconds.
  path: Assets/_Game/2D_Assets/NinjaEnemy/Dead/Dead__008.png
  artifactKey: Guid(5a72b45842e2ce948b8e7ddbe1617b87) Importer(2089858483,0ecaa5967403d082aa24f35e1b516d23)
Start importing Assets/_Game/2D_Assets/NinjaEnemy/Dead/Dead__008.png using Guid(5a72b45842e2ce948b8e7ddbe1617b87) Importer(2089858483,0ecaa5967403d082aa24f35e1b516d23) Generated GUIDs only implemented for interfaces!
 -> (artifact id: 'ef21462a4bb6e9441a9b137cdd7aeb16') in 0.091055 seconds
Number of updated asset objects reloaded before import = 0
Number of asset objects unloaded after import = 3
========================================================================
Received Import Request.
  Time since last request: 0.000030 seconds.
  path: Assets/_Game/2D_Assets/NinjaEnemy/Throw/Throw__005.png
  artifactKey: Guid(7f491244ca8ec714bb8bd2806c651d75) Importer(2089858483,0ecaa5967403d082aa24f35e1b516d23)
Start importing Assets/_Game/2D_Assets/NinjaEnemy/Throw/Throw__005.png using Guid(7f491244ca8ec714bb8bd2806c651d75) Importer(2089858483,0ecaa5967403d082aa24f35e1b516d23) Generated GUIDs only implemented for interfaces!
 -> (artifact id: '226e94c9e47db1baa7550929dbfd5c9a') in 0.074373 seconds
Number of updated asset objects reloaded before import = 0
Number of asset objects unloaded after import = 3
========================================================================
Received Import Request.
  Time since last request: 0.000225 seconds.
  path: Assets/_Game/2D_Assets/Ninja/Attack/Attack__006.png
  artifactKey: Guid(589116a73d2edc34892300165fab6e0e) Importer(2089858483,0ecaa5967403d082aa24f35e1b516d23)
Start importing Assets/_Game/2D_Assets/Ninja/Attack/Attack__006.png using Guid(589116a73d2edc34892300165fab6e0e) Importer(2089858483,0ecaa5967403d082aa24f35e1b516d23) Generated GUIDs only implemented for interfaces!
 -> (artifact id: 'c260bf6705c762ceab0b9ea72097ff13') in 0.093100 seconds
Number of updated asset objects reloaded before import = 0
Number of asset objects unloaded after import = 3
========================================================================
Received Import Request.
  Time since last request: 0.000031 seconds.
  path: Assets/_Game/2D_Assets/Ninja/Glide/Glide_006.png
  artifactKey: Guid(db8b9f02c1f9e6b4099de498618e5333) Importer(2089858483,0ecaa5967403d082aa24f35e1b516d23)
Start importing Assets/_Game/2D_Assets/Ninja/Glide/Glide_006.png using Guid(db8b9f02c1f9e6b4099de498618e5333) Importer(2089858483,0ecaa5967403d082aa24f35e1b516d23) Generated GUIDs only implemented for interfaces!
 -> (artifact id: '5047f838edf4c0279e62f42352d8eab4') in 0.103408 seconds
Number of updated asset objects reloaded before import = 0
Number of asset objects unloaded after import = 3
========================================================================
Received Import Request.
  Time since last request: 0.000030 seconds.
  path: Assets/_Game/2D_Assets/NinjaEnemy/Run/Run__004.png
  artifactKey: Guid(59b41764c9cb0e344a24ca316b9913ea) Importer(2089858483,0ecaa5967403d082aa24f35e1b516d23)
Start importing Assets/_Game/2D_Assets/NinjaEnemy/Run/Run__004.png using Guid(59b41764c9cb0e344a24ca316b9913ea) Importer(2089858483,0ecaa5967403d082aa24f35e1b516d23) Generated GUIDs only implemented for interfaces!
 -> (artifact id: '9d8771bd5d7695620ff081edd4d3f44c') in 0.065543 seconds
Number of updated asset objects reloaded before import = 0
Number of asset objects unloaded after import = 3
========================================================================
Received Import Request.
  Time since last request: 0.000028 seconds.
  path: Assets/_Game/2D_Assets/NinjaEnemy/Run/Run__001.png
  artifactKey: Guid(0f7ac3920960bc343acc012c590ca185) Importer(2089858483,0ecaa5967403d082aa24f35e1b516d23)
Start importing Assets/_Game/2D_Assets/NinjaEnemy/Run/Run__001.png using Guid(0f7ac3920960bc343acc012c590ca185) Importer(2089858483,0ecaa5967403d082aa24f35e1b516d23) Generated GUIDs only implemented for interfaces!
 -> (artifact id: 'a8a88bd8de01866f8591dc1656828f9e') in 0.068534 seconds
Number of updated asset objects reloaded before import = 0
Number of asset objects unloaded after import = 3
========================================================================
Received Import Request.
  Time since last request: 0.000054 seconds.
  path: Assets/_Game/2D_Assets/NinjaEnemy/Dead/Dead__006.png
  artifactKey: Guid(b433ecf790c8bd941a60c18253dfcc93) Importer(2089858483,0ecaa5967403d082aa24f35e1b516d23)
Start importing Assets/_Game/2D_Assets/NinjaEnemy/Dead/Dead__006.png using Guid(b433ecf790c8bd941a60c18253dfcc93) Importer(2089858483,0ecaa5967403d082aa24f35e1b516d23) Generated GUIDs only implemented for interfaces!
 -> (artifact id: '02b21708a67d0f0c67024a64e0e2b9c5') in 0.094975 seconds
Number of updated asset objects reloaded before import = 0
Number of asset objects unloaded after import = 3
========================================================================
Received Import Request.
  Time since last request: 0.000039 seconds.
  path: Assets/_Game/2D_Assets/NinjaEnemy/Throw/Throw__009.png
  artifactKey: Guid(d449541493ef36e468f23e194e395f42) Importer(2089858483,0ecaa5967403d082aa24f35e1b516d23)
Start importing Assets/_Game/2D_Assets/NinjaEnemy/Throw/Throw__009.png using Guid(d449541493ef36e468f23e194e395f42) Importer(2089858483,0ecaa5967403d082aa24f35e1b516d23) Generated GUIDs only implemented for interfaces!
 -> (artifact id: '8ec3ecb52f9d0243c3a044cb6df11e06') in 0.075309 seconds
Number of updated asset objects reloaded before import = 0
Number of asset objects unloaded after import = 3
========================================================================
Received Import Request.
  Time since last request: 0.000024 seconds.
  path: Assets/_Game/2D_Assets/Ninja/Jump_Att/Jump_Attack__009.png
  artifactKey: Guid(bc009d22c464ddc43aaad41df2ce4954) Importer(2089858483,0ecaa5967403d082aa24f35e1b516d23)
Start importing Assets/_Game/2D_Assets/Ninja/Jump_Att/Jump_Attack__009.png using Guid(bc009d22c464ddc43aaad41df2ce4954) Importer(2089858483,0ecaa5967403d082aa24f35e1b516d23) Generated GUIDs only implemented for interfaces!
 -> (artifact id: '5094b3cc0d8452b1c94f6a8674a4d1f2') in 0.069376 seconds
Number of updated asset objects reloaded before import = 0
Number of asset objects unloaded after import = 3
========================================================================
Received Import Request.
  Time since last request: 0.000032 seconds.
  path: Assets/_Game/2D_Assets/NinjaEnemy/Idle/Idle__007.png
  artifactKey: Guid(8818c480bd2928e40962b8eb0d36ac35) Importer(2089858483,0ecaa5967403d082aa24f35e1b516d23)
Start importing Assets/_Game/2D_Assets/NinjaEnemy/Idle/Idle__007.png using Guid(8818c480bd2928e40962b8eb0d36ac35) Importer(2089858483,0ecaa5967403d082aa24f35e1b516d23) Generated GUIDs only implemented for interfaces!
 -> (artifact id: 'a532581223bebfdfb1610ed1be98bf12') in 0.071653 seconds
Number of updated asset objects reloaded before import = 0
Number of asset objects unloaded after import = 3
========================================================================
Received Import Request.
  Time since last request: 0.000063 seconds.
  path: Assets/_Game/2D_Assets/Ninja/Idle/Idle__001.png
  artifactKey: Guid(bb33ff374edbb8142815b5fcf7aa5831) Importer(2089858483,0ecaa5967403d082aa24f35e1b516d23)
Start importing Assets/_Game/2D_Assets/Ninja/Idle/Idle__001.png using Guid(bb33ff374edbb8142815b5fcf7aa5831) Importer(2089858483,0ecaa5967403d082aa24f35e1b516d23) Generated GUIDs only implemented for interfaces!
 -> (artifact id: 'e4f1cf92b73c90cdab1c58ec5ee9a4ee') in 0.091713 seconds
Number of updated asset objects reloaded before import = 0
Number of asset objects unloaded after import = 3
========================================================================
Received Import Request.
  Time since last request: 0.000029 seconds.
  path: Assets/_Game/2D_Assets/Evinronment/Tiles/2.asset
  artifactKey: Guid(0c5e2a856671b6d45a316bc7eaf80ccc) Importer(2089858483,0ecaa5967403d082aa24f35e1b516d23)
Start importing Assets/_Game/2D_Assets/Evinronment/Tiles/2.asset using Guid(0c5e2a856671b6d45a316bc7eaf80ccc) Importer(2089858483,0ecaa5967403d082aa24f35e1b516d23) Generated GUIDs only implemented for interfaces!
 -> (artifact id: '286afab2f61ed5d4c2def6f14841f317') in 0.032543 seconds
Number of updated asset objects reloaded before import = 0
Number of asset objects unloaded after import = 3
========================================================================
Received Import Request.
  Time since last request: 0.000027 seconds.
  path: Assets/_Game/2D_Assets/NinjaEnemy/Run/Run__008.png
  artifactKey: Guid(459919d5a67038d41a570c95d43f0468) Importer(2089858483,0ecaa5967403d082aa24f35e1b516d23)
Start importing Assets/_Game/2D_Assets/NinjaEnemy/Run/Run__008.png using Guid(459919d5a67038d41a570c95d43f0468) Importer(2089858483,0ecaa5967403d082aa24f35e1b516d23) Generated GUIDs only implemented for interfaces!
 -> (artifact id: '9e7f06a6b4989c2d0f3f8b78d73c1bcb') in 0.091724 seconds
Number of updated asset objects reloaded before import = 0
Number of asset objects unloaded after import = 3
========================================================================
Received Import Request.
  Time since last request: 0.000038 seconds.
  path: Assets/_Game/2D_Assets/Ninja/Glide/Glide_001.png
  artifactKey: Guid(557cd9942218c5640a2f0063b41538d5) Importer(2089858483,0ecaa5967403d082aa24f35e1b516d23)
Start importing Assets/_Game/2D_Assets/Ninja/Glide/Glide_001.png using Guid(557cd9942218c5640a2f0063b41538d5) Importer(2089858483,0ecaa5967403d082aa24f35e1b516d23) Generated GUIDs only implemented for interfaces!
 -> (artifact id: 'fa69096ab274df4312a3141c91c45bd8') in 0.087877 seconds
Number of updated asset objects reloaded before import = 0
Number of asset objects unloaded after import = 3
========================================================================
Received Import Request.
  Time since last request: 0.000141 seconds.
  path: Assets/_Game/Animations/CombatText/CombatText Controller.controller
  artifactKey: Guid(c09d34ebb9015ad419d67166a835c039) Importer(2089858483,0ecaa5967403d082aa24f35e1b516d23)
Start importing Assets/_Game/Animations/CombatText/CombatText Controller.controller using Guid(c09d34ebb9015ad419d67166a835c039) Importer(2089858483,0ecaa5967403d082aa24f35e1b516d23) Generated GUIDs only implemented for interfaces!
 -> (artifact id: 'ec7db7a004103c21452ba6631ff467e9') in 0.024216 seconds
Number of updated asset objects reloaded before import = 0
Number of asset objects unloaded after import = 4
========================================================================
Received Import Request.
  Time since last request: 0.000024 seconds.
  path: Assets/_Game/2D_Assets/Ninja/Jump/Jump__009.png
  artifactKey: Guid(30b547db045144a45a2728715092349f) Importer(2089858483,0ecaa5967403d082aa24f35e1b516d23)
Start importing Assets/_Game/2D_Assets/Ninja/Jump/Jump__009.png using Guid(30b547db045144a45a2728715092349f) Importer(2089858483,0ecaa5967403d082aa24f35e1b516d23) Generated GUIDs only implemented for interfaces!
 -> (artifact id: '84f3ca6fa34867a26b0d5852dc708ca6') in 0.090308 seconds
Number of updated asset objects reloaded before import = 0
Number of asset objects unloaded after import = 3
========================================================================
Received Import Request.
  Time since last request: 0.000056 seconds.
  path: Assets/_Game/2D_Assets/NinjaEnemy/Idle/Idle__008.png
  artifactKey: Guid(f105f1a72f97f5e468280dc4f50103e7) Importer(2089858483,0ecaa5967403d082aa24f35e1b516d23)
Start importing Assets/_Game/2D_Assets/NinjaEnemy/Idle/Idle__008.png using Guid(f105f1a72f97f5e468280dc4f50103e7) Importer(2089858483,0ecaa5967403d082aa24f35e1b516d23) Generated GUIDs only implemented for interfaces!
 -> (artifact id: 'b7ba1bae36455976838a6e6c435799d6') in 0.070108 seconds
Number of updated asset objects reloaded before import = 0
Number of asset objects unloaded after import = 3
========================================================================
Received Import Request.
  Time since last request: 0.000035 seconds.
  path: Assets/TextMesh Pro/Fonts/LiberationSans - OFL.txt
  artifactKey: Guid(6e59c59b81ab47f9b6ec5781fa725d2c) Importer(2089858483,0ecaa5967403d082aa24f35e1b516d23)
Start importing Assets/TextMesh Pro/Fonts/LiberationSans - OFL.txt using Guid(6e59c59b81ab47f9b6ec5781fa725d2c) Importer(2089858483,0ecaa5967403d082aa24f35e1b516d23) Generated GUIDs only implemented for interfaces!
 -> (artifact id: 'bf656742648014ce46071c00bede40dd') in 0.015986 seconds
Number of updated asset objects reloaded before import = 0
Number of asset objects unloaded after import = 1
========================================================================
Received Import Request.
  Time since last request: 0.000104 seconds.
  path: Assets/_Game/TileMap/14.asset
  artifactKey: Guid(400a336aa9ec28a478b2735380844101) Importer(2089858483,0ecaa5967403d082aa24f35e1b516d23)
Start importing Assets/_Game/TileMap/14.asset using Guid(400a336aa9ec28a478b2735380844101) Importer(2089858483,0ecaa5967403d082aa24f35e1b516d23) Generated GUIDs only implemented for interfaces!
 -> (artifact id: 'aded48c5ed9e3777df28d1a47d50f24d') in 0.025024 seconds
Number of updated asset objects reloaded before import = 0
Number of asset objects unloaded after import = 3
========================================================================
Received Import Request.
  Time since last request: 0.000026 seconds.
  path: Assets/_Game/2D_Assets/Collection/coin.png
  artifactKey: Guid(d97c17f218330254795f0727d5cec8c4) Importer(2089858483,0ecaa5967403d082aa24f35e1b516d23)
Start importing Assets/_Game/2D_Assets/Collection/coin.png using Guid(d97c17f218330254795f0727d5cec8c4) Importer(2089858483,0ecaa5967403d082aa24f35e1b516d23) Generated GUIDs only implemented for interfaces!
 -> (artifact id: '86884ba61ecb41437698b8b83c097389') in 0.479204 seconds
Number of updated asset objects reloaded before import = 0
Number of asset objects unloaded after import = 62
========================================================================
Received Prepare
Refreshing native plugins compatible for Editor in 6.08 ms, found 4 plugins.
Preloading 0 native plugins for Editor in 0.00 ms.
Unloading 0 Unused Serialized files (Serialized files now loaded: 0)
Unloading 1 unused Assets / (0.9 KB). Loaded Objects now: 4565.
Memory consumption went from 86.9 MB to 86.9 MB.
Total: 22.789600 ms (FindLiveObjects: 1.155500 ms CreateObjectMapping: 0.233300 ms MarkObjects: 20.523200 ms  DeleteObjects: 0.875500 ms)

Prepare: number of updated asset objects reloaded= 0
AssetImportParameters requested are different than current active one (requested -> active):
  custom:container-demuxer-ogg: 62fdf1f143b41e24485cea50d1cbac27 -> 
  custom:video-decoder-ogg-theora: a1e56fd34408186e4bbccfd4996cb3dc -> 
  custom:framework-win-MediaFoundation: 216162199b28c13a410421893ffa2e32 -> 
  custom:CustomObjectIndexerAttribute: 6d391050e5a25f67b0a2c618074f2cd9 -> 
  custom:container-demuxer-webm: 4f35f7cbe854078d1ac9338744f61a02 -> 
  custom:container-muxer-webm: aa71ff27fc2769a1b78a27578f13a17b -> 
  custom:video-decoder-webm-vp8: 9c59270c3fd7afecdb556c50c9e8de78 -> 
  custom:SearchIndexIgnoredProperties: e643bd26f0fe6173181afceb89e7c659 -> 
  custom:AudioImporter_EditorPlatform: d09bf68614088b80899f8185d706f6e7 -> 
  custom:video-encoder-webm-vp8: eb34c28f22e8b96e1ab97ce403110664 -> 
  custom:audio-decoder-ogg-vorbis: bf7c407c2cedff20999df2af8eb42d56 -> 
  custom:audio-encoder-webm-vorbis: bf7c407c2cedff20999df2af8eb42d56 -> 
